<<<<<<< HEAD
<<<<<<< HEAD
<<<<<<< HEAD
Base path: C:/Program Files/Unity/Hub/Editor/2019.2.19f1/Editor/Data
Cmd: initializeCompiler
Cmd: initializeCompiler
Cmd: initializeCompiler
Cmd: initializeCompiler
Cmd: initializeCompiler
Cmd: initializeCompiler
Cmd: initializeCompiler
Cmd: initializeCompiler
Cmd: initializeCompiler
Cmd: initializeCompiler
Cmd: initializeCompiler
=======
=======
>>>>>>> parent of 12b57f0... Merge branch 'master' of https://github.com/SirCamyCamCam/COP4331-Project
=======
>>>>>>> parent of 12b57f0... Merge branch 'master' of https://github.com/SirCamyCamCam/COP4331-Project
Base path: C:/Program Files/Unity/Editor/Data
Cmd: initializeCompiler
Cmd: initializeCompiler
Cmd: initializeCompiler
Cmd: initializeCompiler
Cmd: initializeCompiler
Cmd: initializeCompiler
Cmd: initializeCompiler
Cmd: initializeCompiler
Cmd: initializeCompiler
Cmd: initializeCompiler
Cmd: initializeCompiler
Cmd: initializeCompiler
Cmd: initializeCompiler
Cmd: initializeCompiler
Cmd: initializeCompiler
Cmd: initializeCompiler
Cmd: initializeCompiler
Cmd: initializeCompiler
Cmd: initializeCompiler
Cmd: initializeCompiler
Cmd: initializeCompiler
Cmd: initializeCompiler
Cmd: initializeCompiler
Cmd: initializeCompiler
Cmd: initializeCompiler
Cmd: initializeCompiler
Cmd: initializeCompiler
Cmd: initializeCompiler
Cmd: initializeCompiler
Cmd: initializeCompiler
Cmd: initializeCompiler
Cmd: initializeCompiler
Cmd: initializeCompiler
Cmd: initializeCompiler
Cmd: initializeCompiler
Cmd: initializeCompiler
Cmd: initializeCompiler
Cmd: initializeCompiler
Cmd: initializeCompiler
Cmd: initializeCompiler
<<<<<<< HEAD
<<<<<<< HEAD
>>>>>>> parent of 12b57f0... Merge branch 'master' of https://github.com/SirCamyCamCam/COP4331-Project
=======
>>>>>>> parent of 12b57f0... Merge branch 'master' of https://github.com/SirCamyCamCam/COP4331-Project
=======
>>>>>>> parent of 12b57f0... Merge branch 'master' of https://github.com/SirCamyCamCam/COP4331-Project
